{"/Users/charlyflow/programing/it-academy/project_3/movie-app/src/Components/shared/LoadingComponent.tsx": {"path":"/Users/charlyflow/programing/it-academy/project_3/movie-app/src/Components/shared/LoadingComponent.tsx","statementMap":{"0":{"start":{"line":1,"column":25},"end":{"line":10,"column":null}},"1":{"start":{"line":2,"column":2},"end":{"line":6,"column":null}}},"fnMap":{"0":{"name":"(anonymous_0)","decl":{"start":{"line":1,"column":25},"end":{"line":1,"column":null}},"loc":{"start":{"line":1,"column":25},"end":{"line":10,"column":null}},"line":1}},"branchMap":{},"s":{"0":1,"1":1},"f":{"0":1},"b":{},"meta":{"lastBranch":0,"lastFunction":1,"lastStatement":2,"seen":{"s:1:25:10:Infinity":0,"f:1:25:1:Infinity":0,"s:2:2:6:Infinity":1}}}
,"/Users/charlyflow/programing/it-academy/project_3/movie-app/src/Components/shared/RouteProtecter.tsx": {"path":"/Users/charlyflow/programing/it-academy/project_3/movie-app/src/Components/shared/RouteProtecter.tsx","statementMap":{"0":{"start":{"line":6,"column":8},"end":{"line":6,"column":null}},"1":{"start":{"line":8,"column":21},"end":{"line":8,"column":null}},"2":{"start":{"line":10,"column":2},"end":{"line":10,"column":null}},"3":{"start":{"line":10,"column":15},"end":{"line":10,"column":null}},"4":{"start":{"line":11,"column":2},"end":{"line":11,"column":null}}},"fnMap":{"0":{"name":"RouteProtecter","decl":{"start":{"line":5,"column":9},"end":{"line":5,"column":24}},"loc":{"start":{"line":5,"column":67},"end":{"line":12,"column":null}},"line":5}},"branchMap":{"0":{"loc":{"start":{"line":10,"column":2},"end":{"line":10,"column":null}},"type":"if","locations":[{"start":{"line":10,"column":2},"end":{"line":10,"column":null}},{"start":{},"end":{}}],"line":10}},"s":{"0":2,"1":2,"2":2,"3":1,"4":1},"f":{"0":2},"b":{"0":[1,1]},"meta":{"lastBranch":1,"lastFunction":1,"lastStatement":5,"seen":{"f:5:9:5:24":0,"s:6:8:6:Infinity":0,"s:8:21:8:Infinity":1,"b:10:2:10:Infinity:undefined:undefined:undefined:undefined":0,"s:10:2:10:Infinity":2,"s:10:15:10:Infinity":3,"s:11:2:11:Infinity":4}}}
,"/Users/charlyflow/programing/it-academy/project_3/movie-app/src/Components/shared/SearchBar.tsx": {"path":"/Users/charlyflow/programing/it-academy/project_3/movie-app/src/Components/shared/SearchBar.tsx","statementMap":{"0":{"start":{"line":9,"column":18},"end":{"line":51,"column":null}},"1":{"start":{"line":10,"column":25},"end":{"line":10,"column":null}},"2":{"start":{"line":12,"column":2},"end":{"line":20,"column":null}},"3":{"start":{"line":13,"column":22},"end":{"line":15,"column":null}},"4":{"start":{"line":14,"column":6},"end":{"line":14,"column":null}},"5":{"start":{"line":17,"column":4},"end":{"line":19,"column":null}},"6":{"start":{"line":18,"column":6},"end":{"line":18,"column":null}},"7":{"start":{"line":22,"column":23},"end":{"line":25,"column":null}},"8":{"start":{"line":23,"column":4},"end":{"line":23,"column":null}},"9":{"start":{"line":24,"column":4},"end":{"line":24,"column":null}},"10":{"start":{"line":27,"column":24},"end":{"line":31,"column":null}},"11":{"start":{"line":28,"column":4},"end":{"line":30,"column":null}},"12":{"start":{"line":29,"column":6},"end":{"line":29,"column":null}},"13":{"start":{"line":33,"column":2},"end":{"line":46,"column":null}},"14":{"start":{"line":39,"column":29},"end":{"line":39,"column":null}}},"fnMap":{"0":{"name":"(anonymous_0)","decl":{"start":{"line":9,"column":18},"end":{"line":9,"column":19}},"loc":{"start":{"line":9,"column":64},"end":{"line":51,"column":null}},"line":9},"1":{"name":"(anonymous_1)","decl":{"start":{"line":12,"column":12},"end":{"line":12,"column":null}},"loc":{"start":{"line":12,"column":12},"end":{"line":20,"column":5}},"line":12},"2":{"name":"(anonymous_2)","decl":{"start":{"line":13,"column":33},"end":{"line":13,"column":null}},"loc":{"start":{"line":13,"column":33},"end":{"line":15,"column":7}},"line":13},"3":{"name":"(anonymous_3)","decl":{"start":{"line":17,"column":11},"end":{"line":17,"column":null}},"loc":{"start":{"line":17,"column":11},"end":{"line":19,"column":null}},"line":17},"4":{"name":"(anonymous_4)","decl":{"start":{"line":22,"column":23},"end":{"line":22,"column":null}},"loc":{"start":{"line":22,"column":23},"end":{"line":25,"column":null}},"line":22},"5":{"name":"(anonymous_5)","decl":{"start":{"line":27,"column":24},"end":{"line":27,"column":25}},"loc":{"start":{"line":27,"column":25},"end":{"line":31,"column":null}},"line":27},"6":{"name":"(anonymous_6)","decl":{"start":{"line":39,"column":18},"end":{"line":39,"column":19}},"loc":{"start":{"line":39,"column":29},"end":{"line":39,"column":null}},"line":39}},"branchMap":{"0":{"loc":{"start":{"line":9,"column":21},"end":{"line":9,"column":46}},"type":"default-arg","locations":[{"start":{"line":9,"column":35},"end":{"line":9,"column":46}}],"line":9},"1":{"loc":{"start":{"line":28,"column":4},"end":{"line":30,"column":null}},"type":"if","locations":[{"start":{"line":28,"column":4},"end":{"line":30,"column":null}},{"start":{},"end":{}}],"line":28}},"s":{"0":1,"1":12,"2":12,"3":12,"4":2,"5":12,"6":12,"7":12,"8":1,"9":1,"10":12,"11":0,"12":0,"13":12,"14":6},"f":{"0":12,"1":12,"2":2,"3":12,"4":1,"5":0,"6":6},"b":{"0":[12],"1":[0,0]},"meta":{"lastBranch":2,"lastFunction":7,"lastStatement":15,"seen":{"s:9:18:51:Infinity":0,"f:9:18:9:19":0,"b:9:35:9:46":0,"s:10:25:10:Infinity":1,"s:12:2:20:Infinity":2,"f:12:12:12:Infinity":1,"s:13:22:15:Infinity":3,"f:13:33:13:Infinity":2,"s:14:6:14:Infinity":4,"s:17:4:19:Infinity":5,"f:17:11:17:Infinity":3,"s:18:6:18:Infinity":6,"s:22:23:25:Infinity":7,"f:22:23:22:Infinity":4,"s:23:4:23:Infinity":8,"s:24:4:24:Infinity":9,"s:27:24:31:Infinity":10,"f:27:24:27:25":5,"b:28:4:30:Infinity:undefined:undefined:undefined:undefined":1,"s:28:4:30:Infinity":11,"s:29:6:29:Infinity":12,"s:33:2:46:Infinity":13,"f:39:18:39:19":6,"s:39:29:39:Infinity":14}}}
,"/Users/charlyflow/programing/it-academy/project_3/movie-app/src/contexts/Auth/AuthContext.tsx": {"path":"/Users/charlyflow/programing/it-academy/project_3/movie-app/src/contexts/Auth/AuthContext.tsx","statementMap":{"0":{"start":{"line":12,"column":13},"end":{"line":12,"column":null}}},"fnMap":{},"branchMap":{},"s":{"0":1},"f":{},"b":{},"meta":{"lastBranch":0,"lastFunction":0,"lastStatement":1,"seen":{"s:12:13:12:Infinity":0}}}
}
